<?xml version="1.0" encoding="UTF-8"?>
<!-- Generated by org.testng.reporters.JUnitReportReporter -->
<testsuite hostname="DESKTOP-IBNPS0O" failures="0" tests="1" name="KaprukaTest.TestCase2" time="0.049" errors="0" timestamp="2024-01-19T17:37:53 IST" skipped="0">
  <testcase classname="KaprukaTest.TestCase2" name="testMethod2" time="0.049"/>
</testsuite> <!-- KaprukaTest.TestCase2 -->
