<?xml version="1.0" encoding="UTF-8"?>
<!-- Generated by org.testng.reporters.JUnitReportReporter -->
<testsuite hostname="DESKTOP-IBNPS0O" failures="0" tests="1" name="ExtentTest.ExtentReport5" time="1.705" errors="0" timestamp="2024-01-23T22:51:48 IST" skipped="0">
  <testcase classname="ExtentTest.ExtentReport5" name="main" time="1.705"/>
</testsuite> <!-- ExtentTest.ExtentReport5 -->
