<?xml version="1.0" encoding="UTF-8"?>
<!-- Generated by org.testng.reporters.JUnitReportReporter -->
<testsuite hostname="DESKTOP-IBNPS0O" failures="0" tests="1" name="SampleTestNGProgram" time="0.059" errors="0" timestamp="2024-01-18T11:43:30 IST" skipped="0">
  <testcase classname="SampleTestNGProgram" name="titleTest" time="0.059"/>
</testsuite> <!-- SampleTestNGProgram -->
