<?xml version="1.0" encoding="UTF-8"?>
<!-- Generated by org.testng.reporters.JUnitReportReporter -->
<testsuite hostname="DESKTOP-IBNPS0O" failures="0" tests="1" name="ExtentTest.ExtentConfigFirstTest" time="0.076" errors="0" timestamp="2024-01-23T23:00:30 IST" skipped="0">
  <testcase classname="ExtentTest.ExtentConfigFirstTest" name="test1" time="0.076"/>
</testsuite> <!-- ExtentTest.ExtentConfigFirstTest -->
