<?xml version="1.0" encoding="UTF-8"?>
<!-- Generated by org.testng.reporters.JUnitReportReporter -->
<testsuite hostname="DESKTOP-IBNPS0O" failures="0" tests="1" name="ExtentText.ExtentConfigFirstTest" time="0.061" errors="0" timestamp="2024-01-19T22:21:14 IST" skipped="0">
  <testcase classname="ExtentText.ExtentConfigFirstTest" name="test1" time="0.061"/>
</testsuite> <!-- ExtentText.ExtentConfigFirstTest -->
