<?xml version="1.0" encoding="UTF-8"?>
<!-- Generated by org.testng.reporters.JUnitReportReporter -->
<testsuite hostname="DESKTOP-IBNPS0O" failures="0" tests="2" name="KaprukaTest.KTestNGDemo" time="89.245" errors="0" timestamp="2024-01-19T12:16:23 IST" skipped="0">
  <testcase classname="KaprukaTest.KTestNGDemo" name="getUrl" time="0.133"/>
  <testcase classname="KaprukaTest.KTestNGDemo" name="systemTesting" time="89.112"/>
</testsuite> <!-- KaprukaTest.KTestNGDemo -->
