<?xml version="1.0" encoding="UTF-8"?>
<!-- Generated by org.testng.reporters.JUnitReportReporter -->
<testsuite hostname="DESKTOP-IBNPS0O" failures="0" tests="6" name="ExtentTest.ExtentReportFilter" time="1.514" errors="0" timestamp="2024-01-21T15:48:51 IST" skipped="0">
  <testcase classname="ExtentTest.ExtentReportFilter" name="ReportFailure" time="0.508"/>
  <testcase classname="ExtentTest.ExtentReportFilter" name="tagging" time="0.096"/>
  <testcase classname="ExtentTest.ExtentReportFilter" name="login" time="0.547"/>
  <testcase classname="ExtentTest.ExtentReportFilter" name="screenShots" time="0.143"/>
  <testcase classname="ExtentTest.ExtentReportFilter" name="assignDevice" time="0.098"/>
  <testcase classname="ExtentTest.ExtentReportFilter" name="exeptions" time="0.122"/>
</testsuite> <!-- ExtentTest.ExtentReportFilter -->
