<?xml version="1.0" encoding="UTF-8"?>
<!-- Generated by org.testng.reporters.JUnitReportReporter -->
<testsuite hostname="DESKTOP-IBNPS0O" failures="0" tests="2" name="InheritDP" time="0.010" errors="0" timestamp="2024-01-17T15:35:08 IST" skipped="0">
  <testcase classname="InheritDP" name="f1" time="0.002"/>
  <testcase classname="InheritDP" name="f1" time="0.008"/>
</testsuite> <!-- InheritDP -->
