<?xml version="1.0" encoding="UTF-8"?>
<!-- Generated by org.testng.reporters.JUnitReportReporter -->
<testsuite hostname="DESKTOP-IBNPS0O" failures="0" tests="2" name="KaprukaTest.TestCase3" time="0.015" errors="0" timestamp="2024-01-19T17:37:53 IST" skipped="2">
  <testcase classname="KaprukaTest.TestCase3" name="testMethod4" time="0.011">
    <skipped/>
  </testcase> <!-- testMethod4 -->
  <testcase classname="KaprukaTest.TestCase3" name="testMethod3" time="0.004">
    <skipped/>
  </testcase> <!-- testMethod3 -->
</testsuite> <!-- KaprukaTest.TestCase3 -->
