<?xml version="1.0" encoding="UTF-8"?>
<!-- Generated by org.testng.reporters.JUnitReportReporter -->
<testsuite hostname="DESKTOP-IBNPS0O" failures="0" tests="1" name="AllureTest.TestCase2" time="0.066" errors="0" timestamp="2024-01-24T17:38:05 IST" skipped="0">
  <testcase classname="AllureTest.TestCase2" name="testMethod2" time="0.066"/>
</testsuite> <!-- AllureTest.TestCase2 -->
