<?xml version="1.0" encoding="UTF-8"?>
<!-- Generated by org.testng.reporters.JUnitReportReporter -->
<testsuite hostname="DESKTOP-IBNPS0O" failures="0" tests="1" name="TestAnnonationExecution" time="0.019" errors="0" timestamp="2024-01-18T12:15:47 IST" skipped="0">
  <testcase classname="TestAnnonationExecution" name="test" time="0.019"/>
</testsuite> <!-- TestAnnonationExecution -->
