<?xml version="1.0" encoding="UTF-8"?>
<!-- Generated by org.testng.reporters.JUnitReportReporter -->
<testsuite hostname="DESKTOP-IBNPS0O" failures="0" tests="1" name="TestNGClassDemo" time="0.006" errors="0" timestamp="2024-01-17T15:34:31 IST" skipped="0">
  <testcase classname="TestNGClassDemo" name="f" time="0.006"/>
</testsuite> <!-- TestNGClassDemo -->
