<?xml version="1.0" encoding="UTF-8"?>
<!-- Generated by org.testng.reporters.JUnitReportReporter -->
<testsuite hostname="DESKTOP-IBNPS0O" failures="0" tests="2" name="AllureTest.TestCase3" time="0.011" errors="0" timestamp="2024-01-19T17:47:57 IST" skipped="2">
  <testcase classname="AllureTest.TestCase3" name="testMethod4" time="0.006">
    <skipped/>
  </testcase> <!-- testMethod4 -->
  <testcase classname="AllureTest.TestCase3" name="testMethod3" time="0.005">
    <skipped/>
  </testcase> <!-- testMethod3 -->
</testsuite> <!-- AllureTest.TestCase3 -->
