<?xml version="1.0" encoding="UTF-8"?>
<!-- Generated by org.testng.reporters.JUnitReportReporter -->
<testsuite hostname="DESKTOP-IBNPS0O" failures="0" tests="2" name="ExtentTest.ExtentReportGherkinBDD" time="0.540" errors="0" timestamp="2024-01-22T16:07:21 IST" skipped="0">
  <testcase classname="ExtentTest.ExtentReportGherkinBDD" name="exceptionMethod" time="0.066"/>
  <testcase classname="ExtentTest.ExtentReportGherkinBDD" name="GherkinDialectDemo" time="0.474"/>
</testsuite> <!-- ExtentTest.ExtentReportGherkinBDD -->
