<?xml version="1.0" encoding="UTF-8"?>
<!-- Generated by org.testng.reporters.JUnitReportReporter -->
<testsuite hostname="DESKTOP-IBNPS0O" failures="0" tests="2" name="AllureTest.TestCase3" time="0.012" errors="0" timestamp="2024-01-24T17:38:05 IST" skipped="2">
  <testcase classname="AllureTest.TestCase3" name="testMethod4" time="0.007">
    <skipped/>
  </testcase> <!-- testMethod4 -->
  <testcase classname="AllureTest.TestCase3" name="testMethod3" time="0.005">
    <skipped/>
  </testcase> <!-- testMethod3 -->
</testsuite> <!-- AllureTest.TestCase3 -->
