<?xml version="1.0" encoding="UTF-8"?>
<!-- Generated by org.testng.reporters.JUnitReportReporter -->
<testsuite hostname="DESKTOP-IBNPS0O" failures="0" tests="1" name="SampleTestNGProgram" time="0.142" errors="0" timestamp="2024-01-19T12:05:15 IST" skipped="0">
  <testcase classname="SampleTestNGProgram" name="titleTest" time="0.142"/>
</testsuite> <!-- SampleTestNGProgram -->
