<?xml version="1.0" encoding="UTF-8"?>
<!-- Generated by org.testng.reporters.JUnitReportReporter -->
<testsuite hostname="DESKTOP-IBNPS0O" failures="0" tests="4" name="TestNGPackage.OrangeHRMTest" time="10.548" errors="0" timestamp="2024-01-24T17:37:37 IST" skipped="0">
  <testcase classname="TestNGPackage.OrangeHRMTest" name="loginTest" time="6.655"/>
  <testcase classname="TestNGPackage.OrangeHRMTest" name="getUrl" time="0.516"/>
  <testcase classname="TestNGPackage.OrangeHRMTest" name="getTitle" time="0.723"/>
  <testcase classname="TestNGPackage.OrangeHRMTest" name="logout" time="2.654"/>
</testsuite> <!-- TestNGPackage.OrangeHRMTest -->
